{
  "stats": {
    "suites": 1,
    "tests": 1,
    "passes": 1,
    "pending": 0,
    "failures": 0,
    "start": "2022-08-05T00:08:33.329Z",
    "end": "2022-08-05T00:08:40.782Z",
    "duration": 7453,
    "testsRegistered": 1,
    "passPercent": 100,
    "pendingPercent": 0,
    "other": 0,
    "hasOther": false,
    "skipped": 0,
    "hasSkipped": false
  },
  "results": [
    {
      "uuid": "9f40c64d-b147-48d0-b09b-c783f502828c",
      "title": "",
      "fullFile": "cypress\\integration\\examples\\InterceptTest.js",
      "file": "cypress\\integration\\examples\\InterceptTest.js",
      "beforeHooks": [],
      "afterHooks": [],
      "tests": [],
      "suites": [
        {
          "uuid": "8a422fd7-6e16-422e-b3d1-a1f2380d056a",
          "title": "First Intercept HTTP TEST",
          "fullFile": "",
          "file": "",
          "beforeHooks": [],
          "afterHooks": [],
          "tests": [
            {
              "title": "First Test",
              "fullTitle": "First Intercept HTTP TEST First Test",
              "timedOut": null,
              "duration": 3609,
              "state": "passed",
              "speed": "fast",
              "pass": true,
              "fail": false,
              "pending": false,
              "context": null,
              "code": "cy.visit('https://rahulshettyacademy.com/angularAppdemo/');\ncy.intercept({\n  method: 'GET',\n  url: 'https://rahulshettyacademy.com/Library/GetBook.php?AuthorName=shetty'\n}, {\n  statusCode: 200,\n  body: [{\n    \"book_name\": \"First Book\",\n    \"isbn\": \"RSU\",\n    \"aisle\": \"2301\"\n  }]\n}).as('bookretrievals');\ncy.get('button[class=\"btn btn-primary\"').click();\ncy.wait(\"@bookretrievals\").should(function (_ref) {\n  var request = _ref.request,\n      response = _ref.response;\n  cy.get('tr').should('have.length', response.body.length + 1);\n});",
              "err": {},
              "uuid": "d93ead98-c111-4bd3-89ca-ba78b2374526",
              "parentUUID": "8a422fd7-6e16-422e-b3d1-a1f2380d056a",
              "isHook": false,
              "skipped": false
            }
          ],
          "suites": [],
          "passes": [
            "d93ead98-c111-4bd3-89ca-ba78b2374526"
          ],
          "failures": [],
          "pending": [],
          "skipped": [],
          "duration": 3609,
          "root": false,
          "rootEmpty": false,
          "_timeout": 2000
        }
      ],
      "passes": [],
      "failures": [],
      "pending": [],
      "skipped": [],
      "duration": 0,
      "root": true,
      "rootEmpty": true,
      "_timeout": 2000
    }
  ],
  "meta": {
    "mocha": {
      "version": "7.0.1"
    },
    "mochawesome": {
      "options": {
        "quiet": false,
        "reportFilename": "mochawesome",
        "saveHtml": true,
        "saveJson": true,
        "consoleReporter": "spec",
        "useInlineDiffs": false,
        "code": true
      },
      "version": "7.1.3"
    },
    "marge": {
      "options": null,
      "version": "6.2.0"
    }
  }
}